{"uid":"40c9978ad7b6e5b0","name":"projectShouldNotBeCreatedWithEmptyUrl","fullName":"com.example.teamcity.ui.CreateProjectTest.projectShouldNotBeCreatedWithEmptyUrl","historyId":"3b30e8ecee0c12db5c2c98561dd70491","time":{"start":1727429769029,"stop":1727429787434,"duration":18405},"status":"failed","statusMessage":"Element not found {[id=\"url\"]}\nExpected: visible\nScreenshot: file:/home/runner/work/teamcity-testing-framework/teamcity-testing-framework/target/surefire-reports/1727429787185.0.png\nPage source: file:/home/runner/work/teamcity-testing-framework/teamcity-testing-framework/target/surefire-reports/1727429787185.0.html\nTimeout: 15 s.\nCaused by: NoSuchElementException: Unable to locate element: [id=\"url\"]","statusTrace":"Element not found {[id=\"url\"]}\nExpected: visible\nScreenshot: file:/home/runner/work/teamcity-testing-framework/teamcity-testing-framework/target/surefire-reports/1727429787185.0.png\nPage source: file:/home/runner/work/teamcity-testing-framework/teamcity-testing-framework/target/surefire-reports/1727429787185.0.html\nTimeout: 15 s.\nCaused by: NoSuchElementException: Unable to locate element: [id=\"url\"]\n\tat com.codeborne.selenide.impl.WebElementSource.createElementNotFoundError(WebElementSource.java:90)\n\tat com.codeborne.selenide.impl.ElementFinder.createElementNotFoundError(ElementFinder.java:142)\n\tat com.codeborne.selenide.impl.WebElementSource.handleError(WebElementSource.java:142)\n\tat com.codeborne.selenide.impl.WebElementSource.checkConditionAndReturnElement(WebElementSource.java:126)\n\tat com.codeborne.selenide.impl.WebElementSource.checkCondition(WebElementSource.java:103)\n\tat com.codeborne.selenide.commands.Should.execute(Should.java:30)\n\tat com.codeborne.selenide.commands.Should.execute(Should.java:14)\n\tat com.codeborne.selenide.commands.Commands.execute(Commands.java:162)\n\tat com.codeborne.selenide.impl.SelenideElementProxy.dispatchAndRetry(SelenideElementProxy.java:134)\n\tat com.codeborne.selenide.impl.SelenideElementProxy.invoke(SelenideElementProxy.java:86)\n\tat jdk.proxy2/jdk.proxy2.$Proxy64.shouldBe(Unknown Source)\n\tat com.example.teamcity.ui.elements.InputElement.waitUntilInputIsVisible(InputElement.java:30)\n\tat com.example.teamcity.ui.pages.admin.CreateNewProject.createProjectByUrl(CreateNewProject.java:30)\n\tat com.example.teamcity.ui.CreateProjectTest.projectShouldNotBeCreatedWithEmptyUrl(CreateProjectTest.java:47)\n\tat java.base/jdk.internal.reflect.DirectMethodHandleAccessor.invoke(DirectMethodHandleAccessor.java:103)\n\tat java.base/java.lang.reflect.Method.invoke(Method.java:580)\n\tat org.testng.internal.invokers.MethodInvocationHelper.invokeMethod(MethodInvocationHelper.java:139)\n\tat org.testng.internal.invokers.TestInvoker.invokeMethod(TestInvoker.java:677)\n\tat org.testng.internal.invokers.TestInvoker.invokeTestMethod(TestInvoker.java:221)\n\tat org.testng.internal.invokers.MethodRunner.runInSequence(MethodRunner.java:50)\n\tat org.testng.internal.invokers.TestInvoker$MethodInvocationAgent.invoke(TestInvoker.java:969)\n\tat org.testng.internal.invokers.TestInvoker.invokeTestMethods(TestInvoker.java:194)\n\tat org.testng.internal.invokers.TestMethodWorker.invokeTestMethods(TestMethodWorker.java:148)\n\tat org.testng.internal.invokers.TestMethodWorker.run(TestMethodWorker.java:128)\n\tat java.base/java.util.ArrayList.forEach(ArrayList.java:1596)\n\tat org.testng.TestRunner.privateRun(TestRunner.java:829)\n\tat org.testng.TestRunner.run(TestRunner.java:602)\n\tat org.testng.SuiteRunner.runTest(SuiteRunner.java:437)\n\tat org.testng.SuiteRunner.runSequentially(SuiteRunner.java:431)\n\tat org.testng.SuiteRunner.privateRun(SuiteRunner.java:391)\n\tat org.testng.SuiteRunner.run(SuiteRunner.java:330)\n\tat org.testng.SuiteRunnerWorker.runSuite(SuiteRunnerWorker.java:52)\n\tat org.testng.SuiteRunnerWorker.run(SuiteRunnerWorker.java:95)\n\tat org.testng.TestNG.runSuitesSequentially(TestNG.java:1256)\n\tat org.testng.TestNG.runSuitesLocally(TestNG.java:1176)\n\tat org.testng.TestNG.runSuites(TestNG.java:1099)\n\tat org.testng.TestNG.run(TestNG.java:1067)\n\tat org.apache.maven.surefire.testng.TestNGExecutor.run(TestNGExecutor.java:283)\n\tat org.apache.maven.surefire.testng.TestNGXmlTestSuite.execute(TestNGXmlTestSuite.java:75)\n\tat org.apache.maven.surefire.testng.TestNGProvider.invoke(TestNGProvider.java:120)\n\tat org.apache.maven.surefire.booter.ForkedBooter.invokeProviderInSameClassLoader(ForkedBooter.java:384)\n\tat org.apache.maven.surefire.booter.ForkedBooter.runSuitesInProcess(ForkedBooter.java:345)\n\tat org.apache.maven.surefire.booter.ForkedBooter.execute(ForkedBooter.java:126)\n\tat org.apache.maven.surefire.booter.ForkedBooter.main(ForkedBooter.java:418)\nCaused by: org.openqa.selenium.NoSuchElementException: Unable to locate element: [id=\"url\"]\nFor documentation on this error, please visit: https://www.selenium.dev/documentation/webdriver/troubleshooting/errors#no-such-element-exception\nBuild info: version: '4.20.0', revision: '866c76ca80'\nSystem info: os.name: 'Linux', os.arch: 'amd64', os.version: '6.8.0-1014-azure', java.version: '21.0.4'\nDriver info: org.openqa.selenium.remote.RemoteWebDriver\nCommand: [e61072d8-6390-47ef-a767-ee02f2bb62b5, findElement {using=css selector, value=[id=\"url\"]}]\nCapabilities {acceptInsecureCerts: true, browserName: firefox, browserVersion: 122.0, moz:accessibilityChecks: false, moz:buildID: 20240118164516, moz:debuggerAddress: 127.0.0.1:9222, moz:geckodriverVersion: 0.34.0, moz:headless: false, moz:platformVersion: 6.8.0-1014-azure, moz:processID: 79, moz:profile: /tmp/rust_mozprofilewhJGGU, moz:shutdownTimeout: 60000, moz:webdriverClick: true, moz:windowless: false, pageLoadStrategy: normal, platformName: linux, proxy: Proxy(), se:cdp: ws://172.17.0.1:4444/devtoo..., se:cdpVersion: 122.0, setWindowRect: true, strictFileInteractability: false, timeouts: {implicit: 0, pageLoad: 300000, script: 30000}, unhandledPromptBehavior: accept}\nSession ID: e61072d8-6390-47ef-a767-ee02f2bb62b5\n\tat java.base/jdk.internal.reflect.DirectConstructorHandleAccessor.newInstance(DirectConstructorHandleAccessor.java:62)\n\tat java.base/java.lang.reflect.Constructor.newInstanceWithCaller(Constructor.java:502)\n\tat java.base/java.lang.reflect.Constructor.newInstance(Constructor.java:486)\n\tat org.openqa.selenium.remote.ErrorCodec.decode(ErrorCodec.java:167)\n\tat org.openqa.selenium.remote.codec.w3c.W3CHttpResponseCodec.decode(W3CHttpResponseCodec.java:138)\n\tat org.openqa.selenium.remote.codec.w3c.W3CHttpResponseCodec.decode(W3CHttpResponseCodec.java:50)\n\tat org.openqa.selenium.remote.HttpCommandExecutor.execute(HttpCommandExecutor.java:190)\n\tat org.openqa.selenium.remote.RemoteWebDriver.execute(RemoteWebDriver.java:518)\n\tat org.openqa.selenium.remote.ElementLocation$ElementFinder$2.findElement(ElementLocation.java:165)\n\tat org.openqa.selenium.remote.ElementLocation.findElement(ElementLocation.java:59)\n\tat org.openqa.selenium.remote.RemoteWebDriver.findElement(RemoteWebDriver.java:355)\n\tat org.openqa.selenium.remote.RemoteWebDriver.findElement(RemoteWebDriver.java:349)\n\tat com.codeborne.selenide.impl.WebElementSelector.findElement(WebElementSelector.java:73)\n\tat com.codeborne.selenide.impl.WebElementSelector.findElement(WebElementSelector.java:46)\n\tat com.codeborne.selenide.impl.WebElementSelector.findElement(WebElementSelector.java:35)\n\tat com.codeborne.selenide.impl.ElementFinder.getWebElement(ElementFinder.java:122)\n\tat com.codeborne.selenide.impl.WebElementSource.checkConditionAndReturnElement(WebElementSource.java:115)\n\t... 40 more\n","flaky":false,"newFailed":true,"newBroken":false,"newPassed":false,"retriesCount":0,"retriesStatusChange":false,"beforeStages":[{"name":"beforeTest","time":{"start":1727429769025,"stop":1727429769025,"duration":0},"description":"","status":"passed","steps":[],"attachments":[],"parameters":[],"shouldDisplayMessage":false,"stepsCount":0,"attachmentsCount":0,"hasContent":false}],"testStage":{"status":"failed","statusMessage":"Element not found {[id=\"url\"]}\nExpected: visible\nScreenshot: file:/home/runner/work/teamcity-testing-framework/teamcity-testing-framework/target/surefire-reports/1727429787185.0.png\nPage source: file:/home/runner/work/teamcity-testing-framework/teamcity-testing-framework/target/surefire-reports/1727429787185.0.html\nTimeout: 15 s.\nCaused by: NoSuchElementException: Unable to locate element: [id=\"url\"]","statusTrace":"Element not found {[id=\"url\"]}\nExpected: visible\nScreenshot: file:/home/runner/work/teamcity-testing-framework/teamcity-testing-framework/target/surefire-reports/1727429787185.0.png\nPage source: file:/home/runner/work/teamcity-testing-framework/teamcity-testing-framework/target/surefire-reports/1727429787185.0.html\nTimeout: 15 s.\nCaused by: NoSuchElementException: Unable to locate element: [id=\"url\"]\n\tat com.codeborne.selenide.impl.WebElementSource.createElementNotFoundError(WebElementSource.java:90)\n\tat com.codeborne.selenide.impl.ElementFinder.createElementNotFoundError(ElementFinder.java:142)\n\tat com.codeborne.selenide.impl.WebElementSource.handleError(WebElementSource.java:142)\n\tat com.codeborne.selenide.impl.WebElementSource.checkConditionAndReturnElement(WebElementSource.java:126)\n\tat com.codeborne.selenide.impl.WebElementSource.checkCondition(WebElementSource.java:103)\n\tat com.codeborne.selenide.commands.Should.execute(Should.java:30)\n\tat com.codeborne.selenide.commands.Should.execute(Should.java:14)\n\tat com.codeborne.selenide.commands.Commands.execute(Commands.java:162)\n\tat com.codeborne.selenide.impl.SelenideElementProxy.dispatchAndRetry(SelenideElementProxy.java:134)\n\tat com.codeborne.selenide.impl.SelenideElementProxy.invoke(SelenideElementProxy.java:86)\n\tat jdk.proxy2/jdk.proxy2.$Proxy64.shouldBe(Unknown Source)\n\tat com.example.teamcity.ui.elements.InputElement.waitUntilInputIsVisible(InputElement.java:30)\n\tat com.example.teamcity.ui.pages.admin.CreateNewProject.createProjectByUrl(CreateNewProject.java:30)\n\tat com.example.teamcity.ui.CreateProjectTest.projectShouldNotBeCreatedWithEmptyUrl(CreateProjectTest.java:47)\n\tat java.base/jdk.internal.reflect.DirectMethodHandleAccessor.invoke(DirectMethodHandleAccessor.java:103)\n\tat java.base/java.lang.reflect.Method.invoke(Method.java:580)\n\tat org.testng.internal.invokers.MethodInvocationHelper.invokeMethod(MethodInvocationHelper.java:139)\n\tat org.testng.internal.invokers.TestInvoker.invokeMethod(TestInvoker.java:677)\n\tat org.testng.internal.invokers.TestInvoker.invokeTestMethod(TestInvoker.java:221)\n\tat org.testng.internal.invokers.MethodRunner.runInSequence(MethodRunner.java:50)\n\tat org.testng.internal.invokers.TestInvoker$MethodInvocationAgent.invoke(TestInvoker.java:969)\n\tat org.testng.internal.invokers.TestInvoker.invokeTestMethods(TestInvoker.java:194)\n\tat org.testng.internal.invokers.TestMethodWorker.invokeTestMethods(TestMethodWorker.java:148)\n\tat org.testng.internal.invokers.TestMethodWorker.run(TestMethodWorker.java:128)\n\tat java.base/java.util.ArrayList.forEach(ArrayList.java:1596)\n\tat org.testng.TestRunner.privateRun(TestRunner.java:829)\n\tat org.testng.TestRunner.run(TestRunner.java:602)\n\tat org.testng.SuiteRunner.runTest(SuiteRunner.java:437)\n\tat org.testng.SuiteRunner.runSequentially(SuiteRunner.java:431)\n\tat org.testng.SuiteRunner.privateRun(SuiteRunner.java:391)\n\tat org.testng.SuiteRunner.run(SuiteRunner.java:330)\n\tat org.testng.SuiteRunnerWorker.runSuite(SuiteRunnerWorker.java:52)\n\tat org.testng.SuiteRunnerWorker.run(SuiteRunnerWorker.java:95)\n\tat org.testng.TestNG.runSuitesSequentially(TestNG.java:1256)\n\tat org.testng.TestNG.runSuitesLocally(TestNG.java:1176)\n\tat org.testng.TestNG.runSuites(TestNG.java:1099)\n\tat org.testng.TestNG.run(TestNG.java:1067)\n\tat org.apache.maven.surefire.testng.TestNGExecutor.run(TestNGExecutor.java:283)\n\tat org.apache.maven.surefire.testng.TestNGXmlTestSuite.execute(TestNGXmlTestSuite.java:75)\n\tat org.apache.maven.surefire.testng.TestNGProvider.invoke(TestNGProvider.java:120)\n\tat org.apache.maven.surefire.booter.ForkedBooter.invokeProviderInSameClassLoader(ForkedBooter.java:384)\n\tat org.apache.maven.surefire.booter.ForkedBooter.runSuitesInProcess(ForkedBooter.java:345)\n\tat org.apache.maven.surefire.booter.ForkedBooter.execute(ForkedBooter.java:126)\n\tat org.apache.maven.surefire.booter.ForkedBooter.main(ForkedBooter.java:418)\nCaused by: org.openqa.selenium.NoSuchElementException: Unable to locate element: [id=\"url\"]\nFor documentation on this error, please visit: https://www.selenium.dev/documentation/webdriver/troubleshooting/errors#no-such-element-exception\nBuild info: version: '4.20.0', revision: '866c76ca80'\nSystem info: os.name: 'Linux', os.arch: 'amd64', os.version: '6.8.0-1014-azure', java.version: '21.0.4'\nDriver info: org.openqa.selenium.remote.RemoteWebDriver\nCommand: [e61072d8-6390-47ef-a767-ee02f2bb62b5, findElement {using=css selector, value=[id=\"url\"]}]\nCapabilities {acceptInsecureCerts: true, browserName: firefox, browserVersion: 122.0, moz:accessibilityChecks: false, moz:buildID: 20240118164516, moz:debuggerAddress: 127.0.0.1:9222, moz:geckodriverVersion: 0.34.0, moz:headless: false, moz:platformVersion: 6.8.0-1014-azure, moz:processID: 79, moz:profile: /tmp/rust_mozprofilewhJGGU, moz:shutdownTimeout: 60000, moz:webdriverClick: true, moz:windowless: false, pageLoadStrategy: normal, platformName: linux, proxy: Proxy(), se:cdp: ws://172.17.0.1:4444/devtoo..., se:cdpVersion: 122.0, setWindowRect: true, strictFileInteractability: false, timeouts: {implicit: 0, pageLoad: 300000, script: 30000}, unhandledPromptBehavior: accept}\nSession ID: e61072d8-6390-47ef-a767-ee02f2bb62b5\n\tat java.base/jdk.internal.reflect.DirectConstructorHandleAccessor.newInstance(DirectConstructorHandleAccessor.java:62)\n\tat java.base/java.lang.reflect.Constructor.newInstanceWithCaller(Constructor.java:502)\n\tat java.base/java.lang.reflect.Constructor.newInstance(Constructor.java:486)\n\tat org.openqa.selenium.remote.ErrorCodec.decode(ErrorCodec.java:167)\n\tat org.openqa.selenium.remote.codec.w3c.W3CHttpResponseCodec.decode(W3CHttpResponseCodec.java:138)\n\tat org.openqa.selenium.remote.codec.w3c.W3CHttpResponseCodec.decode(W3CHttpResponseCodec.java:50)\n\tat org.openqa.selenium.remote.HttpCommandExecutor.execute(HttpCommandExecutor.java:190)\n\tat org.openqa.selenium.remote.RemoteWebDriver.execute(RemoteWebDriver.java:518)\n\tat org.openqa.selenium.remote.ElementLocation$ElementFinder$2.findElement(ElementLocation.java:165)\n\tat org.openqa.selenium.remote.ElementLocation.findElement(ElementLocation.java:59)\n\tat org.openqa.selenium.remote.RemoteWebDriver.findElement(RemoteWebDriver.java:355)\n\tat org.openqa.selenium.remote.RemoteWebDriver.findElement(RemoteWebDriver.java:349)\n\tat com.codeborne.selenide.impl.WebElementSelector.findElement(WebElementSelector.java:73)\n\tat com.codeborne.selenide.impl.WebElementSelector.findElement(WebElementSelector.java:46)\n\tat com.codeborne.selenide.impl.WebElementSelector.findElement(WebElementSelector.java:35)\n\tat com.codeborne.selenide.impl.ElementFinder.getWebElement(ElementFinder.java:122)\n\tat com.codeborne.selenide.impl.WebElementSource.checkConditionAndReturnElement(WebElementSource.java:115)\n\t... 40 more\n","steps":[],"attachments":[{"uid":"1b13e71f58b1066","name":"Screenshot on failure","source":"1b13e71f58b1066.png","type":"image/png","size":170547}],"parameters":[],"shouldDisplayMessage":true,"stepsCount":0,"attachmentsCount":1,"hasContent":true},"afterStages":[{"name":"afterTest","time":{"start":1727429787444,"stop":1727429787474,"duration":30},"description":"","status":"passed","steps":[],"attachments":[],"parameters":[],"shouldDisplayMessage":false,"stepsCount":0,"attachmentsCount":0,"hasContent":false}],"labels":[{"name":"package","value":"com.example.teamcity.ui.CreateProjectTest"},{"name":"testClass","value":"com.example.teamcity.ui.CreateProjectTest"},{"name":"testMethod","value":"projectShouldNotBeCreatedWithEmptyUrl"},{"name":"parentSuite","value":"UI Suite"},{"name":"suite","value":"UI Test"},{"name":"subSuite","value":"com.example.teamcity.ui.CreateProjectTest"},{"name":"host","value":"fv-az1149-879"},{"name":"thread","value":"4492@fv-az1149-879.main(1)"},{"name":"framework","value":"testng"},{"name":"language","value":"java"},{"name":"resultFormat","value":"allure2"}],"parameters":[],"links":[],"hidden":false,"retry":false,"extra":{"severity":"normal","retries":[],"categories":[{"name":"Product defects","matchedStatuses":[],"flaky":false}],"history":{"statistic":{"failed":1,"broken":3,"skipped":0,"passed":11,"unknown":0,"total":15},"items":[{"uid":"97c04e80970bb737","reportUrl":"https://testanna.github.io/teamcity-testing-framework/39//#testresult/97c04e80970bb737","status":"passed","time":{"start":1727352103651,"stop":1727352107794,"duration":4143}},{"uid":"adceb5cce10b4e","reportUrl":"https://testanna.github.io/teamcity-testing-framework/38//#testresult/adceb5cce10b4e","status":"passed","time":{"start":1727351606519,"stop":1727351610520,"duration":4001}},{"uid":"f56e3ef3e266ce32","reportUrl":"https://testanna.github.io/teamcity-testing-framework/37//#testresult/f56e3ef3e266ce32","status":"passed","time":{"start":1727346299453,"stop":1727346303760,"duration":4307}},{"uid":"3d4094070df02759","reportUrl":"https://testanna.github.io/teamcity-testing-framework/36//#testresult/3d4094070df02759","status":"passed","time":{"start":1727343738357,"stop":1727343742666,"duration":4309}},{"uid":"cdb77ad688f4a05d","reportUrl":"https://testanna.github.io/teamcity-testing-framework/35//#testresult/cdb77ad688f4a05d","status":"passed","time":{"start":1727342959561,"stop":1727342963601,"duration":4040}},{"uid":"a90f8b9e4ca5de03","reportUrl":"https://testanna.github.io/teamcity-testing-framework/34//#testresult/a90f8b9e4ca5de03","status":"passed","time":{"start":1717362495484,"stop":1717362499617,"duration":4133}},{"uid":"8b9a8d8e00787e0b","reportUrl":"https://testanna.github.io/teamcity-testing-framework/33//#testresult/8b9a8d8e00787e0b","status":"passed","time":{"start":1717199550939,"stop":1717199555192,"duration":4253}},{"uid":"23c1b947b7283b97","reportUrl":"https://testanna.github.io/teamcity-testing-framework/32//#testresult/23c1b947b7283b97","status":"passed","time":{"start":1717198894377,"stop":1717198898496,"duration":4119}},{"uid":"433602c245bfb155","reportUrl":"https://testanna.github.io/teamcity-testing-framework/31//#testresult/433602c245bfb155","status":"passed","time":{"start":1717198047587,"stop":1717198051910,"duration":4323}},{"uid":"bba510958b58eebd","reportUrl":"https://testanna.github.io/teamcity-testing-framework/30//#testresult/bba510958b58eebd","status":"broken","statusDetails":"com/fasterxml/jackson/annotation/JsonKey","time":{"start":1717195383691,"stop":1717195383759,"duration":68}},{"uid":"82a2d03db5127f20","reportUrl":"https://testanna.github.io/teamcity-testing-framework/29//#testresult/82a2d03db5127f20","status":"broken","statusDetails":"Connection timed out","time":{"start":1717195093301,"stop":1717195228462,"duration":135161}},{"uid":"7487f5f3baf45d3e","reportUrl":"https://testanna.github.io/teamcity-testing-framework/28//#testresult/7487f5f3baf45d3e","status":"broken","statusDetails":"com/fasterxml/jackson/annotation/JsonKey","time":{"start":1717191588054,"stop":1717191588060,"duration":6}},{"uid":"2c4c3c1142a32635","reportUrl":"https://testanna.github.io/teamcity-testing-framework/27//#testresult/2c4c3c1142a32635","status":"passed","time":{"start":1716934039485,"stop":1716934043579,"duration":4094}},{"uid":"5f46d759f430c5f2","reportUrl":"https://testanna.github.io/teamcity-testing-framework/26//#testresult/5f46d759f430c5f2","status":"passed","time":{"start":1716933056428,"stop":1716933060543,"duration":4115}}]},"tags":[]},"source":"40c9978ad7b6e5b0.json","parameterValues":[]}